  Sample.cpp
c:\users\evan\desktop\cs550\a1 - final - 27\sample.cpp(336): warning C4244: '=': conversion from 'int' to 'float', possible loss of data
c:\users\evan\desktop\cs550\a1 - final - 27\sample.cpp(337): warning C4244: '=': conversion from 'int' to 'float', possible loss of data
c:\users\evan\desktop\cs550\a1 - final - 27\sample.cpp(338): warning C4244: '=': conversion from 'int' to 'float', possible loss of data
c:\users\evan\desktop\cs550\a1 - final - 27\sample.cpp(342): warning C4244: '=': conversion from 'int' to 'float', possible loss of data
c:\users\evan\desktop\cs550\a1 - final - 27\sample.cpp(343): warning C4244: '=': conversion from 'int' to 'float', possible loss of data
c:\users\evan\desktop\cs550\a1 - final - 27\sample.cpp(344): warning C4244: '=': conversion from 'int' to 'float', possible loss of data
c:\users\evan\desktop\cs550\a1 - final - 27\sample.cpp(353): warning C4244: '=': conversion from 'double' to 'int', possible loss of data
c:\users\evan\desktop\cs550\a1 - final - 27\sample.cpp(368): warning C4244: 'argument': conversion from 'int' to 'GLfloat', possible loss of data
c:\users\evan\desktop\cs550\a1 - final - 27\sample.cpp(371): warning C4244: 'argument': conversion from 'int' to 'GLfloat', possible loss of data
c:\users\evan\desktop\cs550\a1 - final - 27\sample.cpp(680): warning C4244: '=': conversion from 'double' to 'float', possible loss of data
c:\users\evan\desktop\cs550\a1 - final - 27\sample.cpp(799): warning C4305: 'argument': truncation from 'double' to 'GLfloat'
c:\users\evan\desktop\cs550\a1 - final - 27\sample.cpp(806): warning C4305: 'argument': truncation from 'double' to 'GLfloat'
c:\users\evan\desktop\cs550\a1 - final - 27\sample.cpp(813): warning C4305: 'argument': truncation from 'double' to 'GLfloat'
c:\users\evan\desktop\cs550\a1 - final - 27\sample.cpp(820): warning C4305: 'argument': truncation from 'double' to 'GLfloat'
c:\users\evan\desktop\cs550\a1 - final - 27\sample.cpp(827): warning C4305: 'argument': truncation from 'double' to 'GLfloat'
c:\users\evan\desktop\cs550\a1 - final - 27\sample.cpp(834): warning C4305: 'argument': truncation from 'double' to 'GLfloat'
c:\users\evan\desktop\cs550\a1 - final - 27\sample.cpp(841): warning C4305: 'argument': truncation from 'double' to 'GLfloat'
c:\users\evan\desktop\cs550\a1 - final - 27\sample.cpp(848): warning C4305: 'argument': truncation from 'double' to 'GLfloat'
c:\users\evan\desktop\cs550\a1 - final - 27\sample.cpp(855): warning C4305: 'argument': truncation from 'double' to 'GLfloat'
c:\users\evan\desktop\cs550\a1 - final - 27\sample.cpp(864): warning C4305: 'argument': truncation from 'double' to 'GLfloat'
c:\users\evan\desktop\cs550\a1 - final - 27\sample.cpp(871): warning C4305: 'argument': truncation from 'double' to 'GLfloat'
c:\users\evan\desktop\cs550\a1 - final - 27\sample.cpp(878): warning C4305: 'argument': truncation from 'double' to 'GLfloat'
c:\users\evan\desktop\cs550\a1 - final - 27\sample.cpp(885): warning C4305: 'argument': truncation from 'double' to 'GLfloat'
c:\users\evan\desktop\cs550\a1 - final - 27\sample.cpp(899): warning C4305: 'argument': truncation from 'double' to 'GLfloat'
c:\users\evan\desktop\cs550\a1 - final - 27\sample.cpp(906): warning C4305: 'argument': truncation from 'double' to 'GLfloat'
c:\users\evan\desktop\cs550\a1 - final - 27\sample.cpp(913): warning C4305: 'argument': truncation from 'double' to 'GLfloat'
c:\users\evan\desktop\cs550\a1 - final - 27\sample.cpp(920): warning C4305: 'argument': truncation from 'double' to 'GLfloat'
c:\users\evan\desktop\cs550\a1 - final - 27\sample.cpp(928): warning C4305: 'argument': truncation from 'double' to 'GLfloat'
c:\users\evan\desktop\cs550\a1 - final - 27\sample.cpp(935): warning C4305: 'argument': truncation from 'double' to 'GLfloat'
c:\users\evan\desktop\cs550\a1 - final - 27\sample.cpp(942): warning C4305: 'argument': truncation from 'double' to 'GLfloat'
c:\users\evan\desktop\cs550\a1 - final - 27\sample.cpp(949): warning C4305: 'argument': truncation from 'double' to 'GLfloat'
c:\users\evan\desktop\cs550\a1 - final - 27\sample.cpp(956): warning C4305: 'argument': truncation from 'double' to 'GLfloat'
c:\users\evan\desktop\cs550\a1 - final - 27\sample.cpp(963): warning C4305: 'argument': truncation from 'double' to 'GLfloat'
c:\users\evan\desktop\cs550\a1 - final - 27\sample.cpp(970): warning C4305: 'argument': truncation from 'double' to 'GLfloat'
c:\users\evan\desktop\cs550\a1 - final - 27\sample.cpp(977): warning C4305: 'argument': truncation from 'double' to 'GLfloat'
c:\users\evan\desktop\cs550\a1 - final - 27\sample.cpp(984): warning C4305: 'argument': truncation from 'double' to 'GLfloat'
c:\users\evan\desktop\cs550\a1 - final - 27\sample.cpp(2054): warning C4244: 'initializing': conversion from 'double' to 'float', possible loss of data
  Sample.vcxproj -> C:\Users\evan\Desktop\CS550\A1 - final - 27\x64\Debug\Sample.exe
